<?xml version="1.0" encoding="UTF-8"?>
<testsuite xmlns:xsi="http://www.w3.org/2001/XMLSchema-instance" xsi:noNamespaceSchemaLocation="https://maven.apache.org/surefire/maven-surefire-plugin/xsd/surefire-test-report-3.0.xsd" version="3.0" name="TestSuite" time="53.865" tests="1" errors="0" skipped="0" failures="1">
  <properties>
    <property name="sun.desktop" value="windows"/>
    <property name="awt.toolkit" value="sun.awt.windows.WToolkit"/>
    <property name="file.encoding.pkg" value="sun.io"/>
    <property name="java.specification.version" value="1.8"/>
    <property name="sun.cpu.isalist" value="amd64"/>
    <property name="sun.jnu.encoding" value="Cp1252"/>
    <property name="java.class.path" value="C:\Users\kon7468\LatestBranch\mobile_example\target\test-classes;C:\Users\kon7468\LatestBranch\mobile_example\target\classes;C:\Users\kon7468\.m2\repository\com\krogerqa\selenium\selenium-central-framework\3.1.0\selenium-central-framework-3.1.0.jar;C:\Users\kon7468\.m2\repository\org\springframework\spring-test\5.0.8.RELEASE\spring-test-5.0.8.RELEASE.jar;C:\Users\kon7468\.m2\repository\org\springframework\spring-core\5.0.8.RELEASE\spring-core-5.0.8.RELEASE.jar;C:\Users\kon7468\.m2\repository\org\springframework\spring-jcl\5.0.8.RELEASE\spring-jcl-5.0.8.RELEASE.jar;C:\Users\kon7468\.m2\repository\org\springframework\spring-context\5.0.8.RELEASE\spring-context-5.0.8.RELEASE.jar;C:\Users\kon7468\.m2\repository\org\springframework\spring-aop\5.0.8.RELEASE\spring-aop-5.0.8.RELEASE.jar;C:\Users\kon7468\.m2\repository\org\springframework\spring-beans\5.0.8.RELEASE\spring-beans-5.0.8.RELEASE.jar;C:\Users\kon7468\.m2\repository\org\springframework\spring-expression\5.0.8.RELEASE\spring-expression-5.0.8.RELEASE.jar;C:\Users\kon7468\.m2\repository\org\springframework\spring-jdbc\5.0.8.RELEASE\spring-jdbc-5.0.8.RELEASE.jar;C:\Users\kon7468\.m2\repository\org\springframework\spring-tx\5.0.8.RELEASE\spring-tx-5.0.8.RELEASE.jar;C:\Users\kon7468\.m2\repository\com\github\2gis\winium\winium-webdriver\0.1.0-1\winium-webdriver-0.1.0-1.jar;C:\Users\kon7468\.m2\repository\com\github\2gis\winium\winium-elements-desktop\0.2.0-1\winium-elements-desktop-0.2.0-1.jar;C:\Users\kon7468\.m2\repository\ch\qos\logback\logback-classic\1.2.3\logback-classic-1.2.3.jar;C:\Users\kon7468\.m2\repository\ch\qos\logback\logback-core\1.2.3\logback-core-1.2.3.jar;C:\Users\kon7468\.m2\repository\org\jvnet\com4j\maven-com4j-plugin\2.1\maven-com4j-plugin-2.1.jar;C:\Users\kon7468\.m2\repository\org\apache\maven\maven-plugin-api\2.0\maven-plugin-api-2.0.jar;C:\Users\kon7468\.m2\repository\org\apache\maven\maven-project\2.0.1\maven-project-2.0.1.jar;C:\Users\kon7468\.m2\repository\org\apache\maven\maven-profile\2.0.1\maven-profile-2.0.1.jar;C:\Users\kon7468\.m2\repository\org\apache\maven\maven-model\2.0.1\maven-model-2.0.1.jar;C:\Users\kon7468\.m2\repository\org\apache\maven\maven-artifact-manager\2.0.1\maven-artifact-manager-2.0.1.jar;C:\Users\kon7468\.m2\repository\org\apache\maven\maven-repository-metadata\2.0.1\maven-repository-metadata-2.0.1.jar;C:\Users\kon7468\.m2\repository\org\apache\maven\wagon\wagon-provider-api\1.0-alpha-5\wagon-provider-api-1.0-alpha-5.jar;C:\Users\kon7468\.m2\repository\org\codehaus\plexus\plexus-utils\1.0.5\plexus-utils-1.0.5.jar;C:\Users\kon7468\.m2\repository\classworlds\classworlds\1.1-alpha-2\classworlds-1.1-alpha-2.jar;C:\Users\kon7468\.m2\repository\org\apache\maven\maven-artifact\2.0.1\maven-artifact-2.0.1.jar;C:\Users\kon7468\.m2\repository\org\codehaus\plexus\plexus-container-default\1.0-alpha-9\plexus-container-default-1.0-alpha-9.jar;C:\Users\kon7468\.m2\repository\org\jvnet\com4j\tlbimp\2.1\tlbimp-2.1.jar;C:\Users\kon7468\.m2\repository\org\jvnet\com4j\com4j\2.1\com4j-2.1.jar;C:\Users\kon7468\.m2\repository\args4j\args4j\2.0.8\args4j-2.0.8.jar;C:\Users\kon7468\.m2\repository\org\seleniumhq\selenium\selenium-server\3.141.59\selenium-server-3.141.59.jar;C:\Users\kon7468\.m2\repository\org\seleniumhq\selenium\selenium-api\3.141.59\selenium-api-3.141.59.jar;C:\Users\kon7468\.m2\repository\org\seleniumhq\selenium\selenium-chrome-driver\3.141.59\selenium-chrome-driver-3.141.59.jar;C:\Users\kon7468\.m2\repository\org\seleniumhq\selenium\selenium-edge-driver\3.141.59\selenium-edge-driver-3.141.59.jar;C:\Users\kon7468\.m2\repository\org\seleniumhq\selenium\selenium-firefox-driver\3.141.59\selenium-firefox-driver-3.141.59.jar;C:\Users\kon7468\.m2\repository\org\seleniumhq\selenium\selenium-ie-driver\3.141.59\selenium-ie-driver-3.141.59.jar;C:\Users\kon7468\.m2\repository\org\seleniumhq\selenium\selenium-opera-driver\3.141.59\selenium-opera-driver-3.141.59.jar;C:\Users\kon7468\.m2\repository\org\seleniumhq\selenium\selenium-remote-driver\3.141.59\selenium-remote-driver-3.141.59.jar;C:\Users\kon7468\.m2\repository\org\seleniumhq\selenium\selenium-safari-driver\3.141.59\selenium-safari-driver-3.141.59.jar;C:\Users\kon7468\.m2\repository\org\seleniumhq\selenium\selenium-support\3.141.59\selenium-support-3.141.59.jar;C:\Users\kon7468\.m2\repository\com\beust\jcommander\1.72\jcommander-1.72.jar;C:\Users\kon7468\.m2\repository\net\bytebuddy\byte-buddy\1.8.15\byte-buddy-1.8.15.jar;C:\Users\kon7468\.m2\repository\org\apache\commons\commons-exec\1.3\commons-exec-1.3.jar;C:\Users\kon7468\.m2\repository\com\google\guava\guava\25.0-jre\guava-25.0-jre.jar;C:\Users\kon7468\.m2\repository\com\google\code\findbugs\jsr305\1.3.9\jsr305-1.3.9.jar;C:\Users\kon7468\.m2\repository\org\checkerframework\checker-compat-qual\2.0.0\checker-compat-qual-2.0.0.jar;C:\Users\kon7468\.m2\repository\com\google\errorprone\error_prone_annotations\2.1.3\error_prone_annotations-2.1.3.jar;C:\Users\kon7468\.m2\repository\com\google\j2objc\j2objc-annotations\1.1\j2objc-annotations-1.1.jar;C:\Users\kon7468\.m2\repository\org\codehaus\mojo\animal-sniffer-annotations\1.14\animal-sniffer-annotations-1.14.jar;C:\Users\kon7468\.m2\repository\net\jcip\jcip-annotations\1.0\jcip-annotations-1.0.jar;C:\Users\kon7468\.m2\repository\org\seleniumhq\selenium\jetty-repacked\9.4.12.v20180830\jetty-repacked-9.4.12.v20180830.jar;C:\Users\kon7468\.m2\repository\com\squareup\okhttp3\okhttp\3.11.0\okhttp-3.11.0.jar;C:\Users\kon7468\.m2\repository\com\squareup\okio\okio\1.14.0\okio-1.14.0.jar;C:\Users\kon7468\.m2\repository\javax\servlet\javax.servlet-api\3.1.0\javax.servlet-api-3.1.0.jar;C:\Users\kon7468\.m2\repository\org\yaml\snakeyaml\1.19\snakeyaml-1.19.jar;C:\Users\kon7468\.m2\repository\org\seleniumhq\selenium\selenium-java\3.141.59\selenium-java-3.141.59.jar;C:\Users\kon7468\.m2\repository\io\slifer\webdriver-sizzle-injector\3.141.59-R1-K1\webdriver-sizzle-injector-3.141.59-R1-K1.jar;C:\Users\kon7468\.m2\repository\org\webjars\sizzle\2.3.4\sizzle-2.3.4.jar;C:\Users\kon7468\.m2\repository\org\testng\testng\7.0.0\testng-7.0.0.jar;C:\Users\kon7468\.m2\repository\com\google\inject\guice\4.1.0\guice-4.1.0-no_aop.jar;C:\Users\kon7468\.m2\repository\org\uncommons\reportng\1.1.4\reportng-1.1.4.jar;C:\Users\kon7468\.m2\repository\velocity\velocity\1.4\velocity-1.4.jar;C:\Users\kon7468\.m2\repository\velocity\velocity-dep\1.4\velocity-dep-1.4.jar;C:\Users\kon7468\.m2\repository\com\google\inject\guice\4.1.0\guice-4.1.0.jar;C:\Users\kon7468\.m2\repository\javax\inject\javax.inject\1\javax.inject-1.jar;C:\Users\kon7468\.m2\repository\aopalliance\aopalliance\1.0\aopalliance-1.0.jar;C:\Users\kon7468\.m2\repository\io\appium\java-client\6.1.0\java-client-6.1.0.jar;C:\Users\kon7468\.m2\repository\com\google\code\gson\gson\2.8.4\gson-2.8.4.jar;C:\Users\kon7468\.m2\repository\org\apache\httpcomponents\httpclient\4.5.5\httpclient-4.5.5.jar;C:\Users\kon7468\.m2\repository\org\apache\httpcomponents\httpcore\4.4.9\httpcore-4.4.9.jar;C:\Users\kon7468\.m2\repository\commons-logging\commons-logging\1.2\commons-logging-1.2.jar;C:\Users\kon7468\.m2\repository\commons-codec\commons-codec\1.10\commons-codec-1.10.jar;C:\Users\kon7468\.m2\repository\cglib\cglib\3.2.6\cglib-3.2.6.jar;C:\Users\kon7468\.m2\repository\org\ow2\asm\asm\6.0\asm-6.0.jar;C:\Users\kon7468\.m2\repository\org\apache\ant\ant\1.9.6\ant-1.9.6.jar;C:\Users\kon7468\.m2\repository\org\apache\ant\ant-launcher\1.9.6\ant-launcher-1.9.6.jar;C:\Users\kon7468\.m2\repository\commons-validator\commons-validator\1.6\commons-validator-1.6.jar;C:\Users\kon7468\.m2\repository\commons-beanutils\commons-beanutils\1.9.2\commons-beanutils-1.9.2.jar;C:\Users\kon7468\.m2\repository\commons-digester\commons-digester\1.8.1\commons-digester-1.8.1.jar;C:\Users\kon7468\.m2\repository\commons-collections\commons-collections\3.2.2\commons-collections-3.2.2.jar;C:\Users\kon7468\.m2\repository\org\apache\commons\commons-lang3\3.7\commons-lang3-3.7.jar;C:\Users\kon7468\.m2\repository\commons-io\commons-io\2.6\commons-io-2.6.jar;C:\Users\kon7468\.m2\repository\org\aspectj\aspectjweaver\1.9.1\aspectjweaver-1.9.1.jar;C:\Users\kon7468\.m2\repository\org\openpnp\opencv\3.2.0-1\opencv-3.2.0-1.jar;C:\Users\kon7468\.m2\repository\org\slf4j\slf4j-api\1.7.29\slf4j-api-1.7.29.jar;C:\Users\kon7468\.m2\repository\com\googlecode\json-simple\json-simple\1.1.1\json-simple-1.1.1.jar;C:\Users\kon7468\.m2\repository\junit\junit\4.10\junit-4.10.jar;C:\Users\kon7468\.m2\repository\org\hamcrest\hamcrest-core\1.1\hamcrest-core-1.1.jar;C:\Users\kon7468\.m2\repository\org\json\json\20171018\json-20171018.jar;C:\Users\kon7468\.m2\repository\org\apache\logging\log4j\log4j-core\2.12.1\log4j-core-2.12.1.jar;C:\Users\kon7468\.m2\repository\org\apache\logging\log4j\log4j-api\2.12.1\log4j-api-2.12.1.jar;C:\Users\kon7468\.m2\repository\marathon-java-agent\marathon-java-agent\5.1.5.0\marathon-java-agent-5.1.5.0.jar;C:\Users\kon7468\.m2\repository\marathon-java-driver\marathon-java-driver\5.1.5.0\marathon-java-driver-5.1.5.0.jar;C:\Users\kon7468\.m2\repository\com\aventstack\extentreports\4.0.9\extentreports-4.0.9.jar;C:\Users\kon7468\.m2\repository\org\freemarker\freemarker\2.3.23\freemarker-2.3.23.jar;C:\Users\kon7468\.m2\repository\org\mongodb\mongodb-driver\3.3.0\mongodb-driver-3.3.0.jar;C:\Users\kon7468\.m2\repository\org\mongodb\mongodb-driver-core\3.3.0\mongodb-driver-core-3.3.0.jar;C:\Users\kon7468\.m2\repository\org\mongodb\bson\3.3.0\bson-3.3.0.jar;C:\Users\kon7468\.m2\repository\org\apache\httpcomponents\httpmime\4.5.2\httpmime-4.5.2.jar;"/>
    <property name="java.vm.vendor" value="Oracle Corporation"/>
    <property name="sun.arch.data.model" value="64"/>
    <property name="user.variant" value=""/>
    <property name="java.vendor.url" value="http://java.oracle.com/"/>
    <property name="user.timezone" value="America/New_York"/>
    <property name="java.vm.specification.version" value="1.8"/>
    <property name="os.name" value="Windows 10"/>
    <property name="user.country" value="US"/>
    <property name="sun.java.launcher" value="SUN_STANDARD"/>
    <property name="sun.boot.library.path" value="C:\Program Files\Java\jdk1.8.0_291\jre\bin"/>
    <property name="sun.java.command" value="C:\Users\kon7468\AppData\Local\Temp\surefire413775366684830892\surefirebooter3017105029193678412.jar C:\Users\kon7468\AppData\Local\Temp\surefire413775366684830892 2021-05-23T11-27-16_952-jvmRun1 surefire6326974678520413383tmp surefire_02098527912948120315tmp"/>
    <property name="surefire.test.class.path" value="C:\Users\kon7468\LatestBranch\mobile_example\target\test-classes;C:\Users\kon7468\LatestBranch\mobile_example\target\classes;C:\Users\kon7468\.m2\repository\com\krogerqa\selenium\selenium-central-framework\3.1.0\selenium-central-framework-3.1.0.jar;C:\Users\kon7468\.m2\repository\org\springframework\spring-test\5.0.8.RELEASE\spring-test-5.0.8.RELEASE.jar;C:\Users\kon7468\.m2\repository\org\springframework\spring-core\5.0.8.RELEASE\spring-core-5.0.8.RELEASE.jar;C:\Users\kon7468\.m2\repository\org\springframework\spring-jcl\5.0.8.RELEASE\spring-jcl-5.0.8.RELEASE.jar;C:\Users\kon7468\.m2\repository\org\springframework\spring-context\5.0.8.RELEASE\spring-context-5.0.8.RELEASE.jar;C:\Users\kon7468\.m2\repository\org\springframework\spring-aop\5.0.8.RELEASE\spring-aop-5.0.8.RELEASE.jar;C:\Users\kon7468\.m2\repository\org\springframework\spring-beans\5.0.8.RELEASE\spring-beans-5.0.8.RELEASE.jar;C:\Users\kon7468\.m2\repository\org\springframework\spring-expression\5.0.8.RELEASE\spring-expression-5.0.8.RELEASE.jar;C:\Users\kon7468\.m2\repository\org\springframework\spring-jdbc\5.0.8.RELEASE\spring-jdbc-5.0.8.RELEASE.jar;C:\Users\kon7468\.m2\repository\org\springframework\spring-tx\5.0.8.RELEASE\spring-tx-5.0.8.RELEASE.jar;C:\Users\kon7468\.m2\repository\com\github\2gis\winium\winium-webdriver\0.1.0-1\winium-webdriver-0.1.0-1.jar;C:\Users\kon7468\.m2\repository\com\github\2gis\winium\winium-elements-desktop\0.2.0-1\winium-elements-desktop-0.2.0-1.jar;C:\Users\kon7468\.m2\repository\ch\qos\logback\logback-classic\1.2.3\logback-classic-1.2.3.jar;C:\Users\kon7468\.m2\repository\ch\qos\logback\logback-core\1.2.3\logback-core-1.2.3.jar;C:\Users\kon7468\.m2\repository\org\jvnet\com4j\maven-com4j-plugin\2.1\maven-com4j-plugin-2.1.jar;C:\Users\kon7468\.m2\repository\org\apache\maven\maven-plugin-api\2.0\maven-plugin-api-2.0.jar;C:\Users\kon7468\.m2\repository\org\apache\maven\maven-project\2.0.1\maven-project-2.0.1.jar;C:\Users\kon7468\.m2\repository\org\apache\maven\maven-profile\2.0.1\maven-profile-2.0.1.jar;C:\Users\kon7468\.m2\repository\org\apache\maven\maven-model\2.0.1\maven-model-2.0.1.jar;C:\Users\kon7468\.m2\repository\org\apache\maven\maven-artifact-manager\2.0.1\maven-artifact-manager-2.0.1.jar;C:\Users\kon7468\.m2\repository\org\apache\maven\maven-repository-metadata\2.0.1\maven-repository-metadata-2.0.1.jar;C:\Users\kon7468\.m2\repository\org\apache\maven\wagon\wagon-provider-api\1.0-alpha-5\wagon-provider-api-1.0-alpha-5.jar;C:\Users\kon7468\.m2\repository\org\codehaus\plexus\plexus-utils\1.0.5\plexus-utils-1.0.5.jar;C:\Users\kon7468\.m2\repository\classworlds\classworlds\1.1-alpha-2\classworlds-1.1-alpha-2.jar;C:\Users\kon7468\.m2\repository\org\apache\maven\maven-artifact\2.0.1\maven-artifact-2.0.1.jar;C:\Users\kon7468\.m2\repository\org\codehaus\plexus\plexus-container-default\1.0-alpha-9\plexus-container-default-1.0-alpha-9.jar;C:\Users\kon7468\.m2\repository\org\jvnet\com4j\tlbimp\2.1\tlbimp-2.1.jar;C:\Users\kon7468\.m2\repository\org\jvnet\com4j\com4j\2.1\com4j-2.1.jar;C:\Users\kon7468\.m2\repository\args4j\args4j\2.0.8\args4j-2.0.8.jar;C:\Users\kon7468\.m2\repository\org\seleniumhq\selenium\selenium-server\3.141.59\selenium-server-3.141.59.jar;C:\Users\kon7468\.m2\repository\org\seleniumhq\selenium\selenium-api\3.141.59\selenium-api-3.141.59.jar;C:\Users\kon7468\.m2\repository\org\seleniumhq\selenium\selenium-chrome-driver\3.141.59\selenium-chrome-driver-3.141.59.jar;C:\Users\kon7468\.m2\repository\org\seleniumhq\selenium\selenium-edge-driver\3.141.59\selenium-edge-driver-3.141.59.jar;C:\Users\kon7468\.m2\repository\org\seleniumhq\selenium\selenium-firefox-driver\3.141.59\selenium-firefox-driver-3.141.59.jar;C:\Users\kon7468\.m2\repository\org\seleniumhq\selenium\selenium-ie-driver\3.141.59\selenium-ie-driver-3.141.59.jar;C:\Users\kon7468\.m2\repository\org\seleniumhq\selenium\selenium-opera-driver\3.141.59\selenium-opera-driver-3.141.59.jar;C:\Users\kon7468\.m2\repository\org\seleniumhq\selenium\selenium-remote-driver\3.141.59\selenium-remote-driver-3.141.59.jar;C:\Users\kon7468\.m2\repository\org\seleniumhq\selenium\selenium-safari-driver\3.141.59\selenium-safari-driver-3.141.59.jar;C:\Users\kon7468\.m2\repository\org\seleniumhq\selenium\selenium-support\3.141.59\selenium-support-3.141.59.jar;C:\Users\kon7468\.m2\repository\com\beust\jcommander\1.72\jcommander-1.72.jar;C:\Users\kon7468\.m2\repository\net\bytebuddy\byte-buddy\1.8.15\byte-buddy-1.8.15.jar;C:\Users\kon7468\.m2\repository\org\apache\commons\commons-exec\1.3\commons-exec-1.3.jar;C:\Users\kon7468\.m2\repository\com\google\guava\guava\25.0-jre\guava-25.0-jre.jar;C:\Users\kon7468\.m2\repository\com\google\code\findbugs\jsr305\1.3.9\jsr305-1.3.9.jar;C:\Users\kon7468\.m2\repository\org\checkerframework\checker-compat-qual\2.0.0\checker-compat-qual-2.0.0.jar;C:\Users\kon7468\.m2\repository\com\google\errorprone\error_prone_annotations\2.1.3\error_prone_annotations-2.1.3.jar;C:\Users\kon7468\.m2\repository\com\google\j2objc\j2objc-annotations\1.1\j2objc-annotations-1.1.jar;C:\Users\kon7468\.m2\repository\org\codehaus\mojo\animal-sniffer-annotations\1.14\animal-sniffer-annotations-1.14.jar;C:\Users\kon7468\.m2\repository\net\jcip\jcip-annotations\1.0\jcip-annotations-1.0.jar;C:\Users\kon7468\.m2\repository\org\seleniumhq\selenium\jetty-repacked\9.4.12.v20180830\jetty-repacked-9.4.12.v20180830.jar;C:\Users\kon7468\.m2\repository\com\squareup\okhttp3\okhttp\3.11.0\okhttp-3.11.0.jar;C:\Users\kon7468\.m2\repository\com\squareup\okio\okio\1.14.0\okio-1.14.0.jar;C:\Users\kon7468\.m2\repository\javax\servlet\javax.servlet-api\3.1.0\javax.servlet-api-3.1.0.jar;C:\Users\kon7468\.m2\repository\org\yaml\snakeyaml\1.19\snakeyaml-1.19.jar;C:\Users\kon7468\.m2\repository\org\seleniumhq\selenium\selenium-java\3.141.59\selenium-java-3.141.59.jar;C:\Users\kon7468\.m2\repository\io\slifer\webdriver-sizzle-injector\3.141.59-R1-K1\webdriver-sizzle-injector-3.141.59-R1-K1.jar;C:\Users\kon7468\.m2\repository\org\webjars\sizzle\2.3.4\sizzle-2.3.4.jar;C:\Users\kon7468\.m2\repository\org\testng\testng\7.0.0\testng-7.0.0.jar;C:\Users\kon7468\.m2\repository\com\google\inject\guice\4.1.0\guice-4.1.0-no_aop.jar;C:\Users\kon7468\.m2\repository\org\uncommons\reportng\1.1.4\reportng-1.1.4.jar;C:\Users\kon7468\.m2\repository\velocity\velocity\1.4\velocity-1.4.jar;C:\Users\kon7468\.m2\repository\velocity\velocity-dep\1.4\velocity-dep-1.4.jar;C:\Users\kon7468\.m2\repository\com\google\inject\guice\4.1.0\guice-4.1.0.jar;C:\Users\kon7468\.m2\repository\javax\inject\javax.inject\1\javax.inject-1.jar;C:\Users\kon7468\.m2\repository\aopalliance\aopalliance\1.0\aopalliance-1.0.jar;C:\Users\kon7468\.m2\repository\io\appium\java-client\6.1.0\java-client-6.1.0.jar;C:\Users\kon7468\.m2\repository\com\google\code\gson\gson\2.8.4\gson-2.8.4.jar;C:\Users\kon7468\.m2\repository\org\apache\httpcomponents\httpclient\4.5.5\httpclient-4.5.5.jar;C:\Users\kon7468\.m2\repository\org\apache\httpcomponents\httpcore\4.4.9\httpcore-4.4.9.jar;C:\Users\kon7468\.m2\repository\commons-logging\commons-logging\1.2\commons-logging-1.2.jar;C:\Users\kon7468\.m2\repository\commons-codec\commons-codec\1.10\commons-codec-1.10.jar;C:\Users\kon7468\.m2\repository\cglib\cglib\3.2.6\cglib-3.2.6.jar;C:\Users\kon7468\.m2\repository\org\ow2\asm\asm\6.0\asm-6.0.jar;C:\Users\kon7468\.m2\repository\org\apache\ant\ant\1.9.6\ant-1.9.6.jar;C:\Users\kon7468\.m2\repository\org\apache\ant\ant-launcher\1.9.6\ant-launcher-1.9.6.jar;C:\Users\kon7468\.m2\repository\commons-validator\commons-validator\1.6\commons-validator-1.6.jar;C:\Users\kon7468\.m2\repository\commons-beanutils\commons-beanutils\1.9.2\commons-beanutils-1.9.2.jar;C:\Users\kon7468\.m2\repository\commons-digester\commons-digester\1.8.1\commons-digester-1.8.1.jar;C:\Users\kon7468\.m2\repository\commons-collections\commons-collections\3.2.2\commons-collections-3.2.2.jar;C:\Users\kon7468\.m2\repository\org\apache\commons\commons-lang3\3.7\commons-lang3-3.7.jar;C:\Users\kon7468\.m2\repository\commons-io\commons-io\2.6\commons-io-2.6.jar;C:\Users\kon7468\.m2\repository\org\aspectj\aspectjweaver\1.9.1\aspectjweaver-1.9.1.jar;C:\Users\kon7468\.m2\repository\org\openpnp\opencv\3.2.0-1\opencv-3.2.0-1.jar;C:\Users\kon7468\.m2\repository\org\slf4j\slf4j-api\1.7.29\slf4j-api-1.7.29.jar;C:\Users\kon7468\.m2\repository\com\googlecode\json-simple\json-simple\1.1.1\json-simple-1.1.1.jar;C:\Users\kon7468\.m2\repository\junit\junit\4.10\junit-4.10.jar;C:\Users\kon7468\.m2\repository\org\hamcrest\hamcrest-core\1.1\hamcrest-core-1.1.jar;C:\Users\kon7468\.m2\repository\org\json\json\20171018\json-20171018.jar;C:\Users\kon7468\.m2\repository\org\apache\logging\log4j\log4j-core\2.12.1\log4j-core-2.12.1.jar;C:\Users\kon7468\.m2\repository\org\apache\logging\log4j\log4j-api\2.12.1\log4j-api-2.12.1.jar;C:\Users\kon7468\.m2\repository\marathon-java-agent\marathon-java-agent\5.1.5.0\marathon-java-agent-5.1.5.0.jar;C:\Users\kon7468\.m2\repository\marathon-java-driver\marathon-java-driver\5.1.5.0\marathon-java-driver-5.1.5.0.jar;C:\Users\kon7468\.m2\repository\com\aventstack\extentreports\4.0.9\extentreports-4.0.9.jar;C:\Users\kon7468\.m2\repository\org\freemarker\freemarker\2.3.23\freemarker-2.3.23.jar;C:\Users\kon7468\.m2\repository\org\mongodb\mongodb-driver\3.3.0\mongodb-driver-3.3.0.jar;C:\Users\kon7468\.m2\repository\org\mongodb\mongodb-driver-core\3.3.0\mongodb-driver-core-3.3.0.jar;C:\Users\kon7468\.m2\repository\org\mongodb\bson\3.3.0\bson-3.3.0.jar;C:\Users\kon7468\.m2\repository\org\apache\httpcomponents\httpmime\4.5.2\httpmime-4.5.2.jar;"/>
    <property name="sun.cpu.endian" value="little"/>
    <property name="user.home" value="C:\Users\kon7468"/>
    <property name="user.language" value="en"/>
    <property name="java.specification.vendor" value="Oracle Corporation"/>
    <property name="java.home" value="C:\Program Files\Java\jdk1.8.0_291\jre"/>
    <property name="basedir" value="C:\Users\kon7468\LatestBranch\mobile_example"/>
    <property name="file.separator" value="\"/>
    <property name="line.separator" value="&#10;"/>
    <property name="java.vm.specification.vendor" value="Oracle Corporation"/>
    <property name="java.specification.name" value="Java Platform API Specification"/>
    <property name="java.awt.graphicsenv" value="sun.awt.Win32GraphicsEnvironment"/>
    <property name="surefire.real.class.path" value="C:\Users\kon7468\AppData\Local\Temp\surefire413775366684830892\surefirebooter3017105029193678412.jar"/>
    <property name="sun.boot.class.path" value="C:\Program Files\Java\jdk1.8.0_291\jre\lib\resources.jar;C:\Program Files\Java\jdk1.8.0_291\jre\lib\rt.jar;C:\Program Files\Java\jdk1.8.0_291\jre\lib\sunrsasign.jar;C:\Program Files\Java\jdk1.8.0_291\jre\lib\jsse.jar;C:\Program Files\Java\jdk1.8.0_291\jre\lib\jce.jar;C:\Program Files\Java\jdk1.8.0_291\jre\lib\charsets.jar;C:\Program Files\Java\jdk1.8.0_291\jre\lib\jfr.jar;C:\Program Files\Java\jdk1.8.0_291\jre\classes"/>
    <property name="user.script" value=""/>
    <property name="sun.management.compiler" value="HotSpot 64-Bit Tiered Compilers"/>
    <property name="java.runtime.version" value="1.8.0_291-b10"/>
    <property name="user.name" value="KON7468"/>
    <property name="path.separator" value=";"/>
    <property name="os.version" value="10.0"/>
    <property name="java.endorsed.dirs" value="C:\Program Files\Java\jdk1.8.0_291\jre\lib\endorsed"/>
    <property name="java.runtime.name" value="Java(TM) SE Runtime Environment"/>
    <property name="file.encoding" value="Cp1252"/>
    <property name="java.vm.name" value="Java HotSpot(TM) 64-Bit Server VM"/>
    <property name="localRepository" value="C:\Users\kon7468\.m2\repository"/>
    <property name="java.vendor.url.bug" value="http://bugreport.sun.com/bugreport/"/>
    <property name="java.io.tmpdir" value="C:\Users\kon7468\AppData\Local\Temp\"/>
    <property name="java.version" value="1.8.0_291"/>
    <property name="user.dir" value="C:\Users\kon7468\LatestBranch\mobile_example"/>
    <property name="os.arch" value="amd64"/>
    <property name="java.vm.specification.name" value="Java Virtual Machine Specification"/>
    <property name="java.awt.printerjob" value="sun.awt.windows.WPrinterJob"/>
    <property name="sun.os.patch.level" value=""/>
    <property name="java.library.path" value="C:\Program Files\Java\jdk1.8.0_291\jre\bin;C:\Windows\Sun\Java\bin;C:\Windows\system32;C:\Windows;C:\Program Files\Java\jdk1.8.0_291\bin;C:\Program Files\Common Files\Oracle\Java\javapath;C:\Program Files (x86)\Common Files\Oracle\Java\javapath;C:\Windows\system32;C:\Windows;C:\Windows\System32\Wbem;C:\Windows\System32\WindowsPowerShell\v1.0\;C:\Windows\System32\OpenSSH\;C:\Strawberry\c\bin;C:\Strawberry\perl\site\bin;C:\Strawberry\perl\bin;C:\Program Files\Strawberry\c\bin;C:\Program Files\Strawberry\perl\site\bin;C:\Program Files\Strawberry\perl\bin;C:\Program Files (x86)\Pulse Secure\VC142.CRT\X64\;C:\Program Files (x86)\Pulse Secure\VC142.CRT\X86\;C:\Program Files\Git\cmd;C:\Users\kon7468\AppData\Local\Android\Sdk\platform-tools;C:\Users\kon7468\AppData\Local\Android\Sdk\tools;C:\Users\kon7468\AppData\Local\Android\Sdk\tools\bin;C:\Program Files\Apache\apache-maven-3.8.1\bin;C:\Users\kon7468\AppData\Local\Microsoft\WindowsApps;;."/>
    <property name="java.vm.info" value="mixed mode"/>
    <property name="java.vendor" value="Oracle Corporation"/>
    <property name="java.vm.version" value="25.291-b10"/>
    <property name="java.ext.dirs" value="C:\Program Files\Java\jdk1.8.0_291\jre\lib\ext;C:\Windows\Sun\Java\lib\ext"/>
    <property name="sun.io.unicode.encoding" value="UnicodeLittle"/>
    <property name="testng" value="debug.xml"/>
    <property name="java.class.version" value="52.0"/>
  </properties>
  <testcase name="tc_Test" classname="com.kroger.mobile.cases.TestQA_App" time="41.536">
    <failure message="The By.xpath: //android.widget.TextView[@content-desc=&quot;carousel&quot;] was not found, or is not enabled" type="java.lang.AssertionError">java.lang.AssertionError: The By.xpath: //android.widget.TextView[@content-desc="carousel"] was not found, or is not enabled
	at com.kroger.mobile.cases.TestQA_App.tc_Test(TestQA_App.java:23)
</failure>
    <system-out><![CDATA[null

grid: local
driverType: APPIUM
wait: 30
logging: DEBUG
singleSessionSuite: false
mobilePlatformName: android
mobilePlatformVersion: 9.0
udid: Pixel3
fullReset: empty
androidApkPath: C:\Users\kon7468\LatestBranch\mobile_example\apps\VodQA.apk<br> [TestResult name=tc_Test status=FAILURE method=TestQA_App.tc_Test()[pri:0, instance:com.kroger.mobile.cases.TestQA_App@12d3a4e9] output=<style>#result_1{background-color: #43FF33;} #result_2{background-color: pink;} #result_3{background-color: #FFC300;} </style>]
]]></system-out>
    <system-err><![CDATA[May 23, 2021 11:27:28 AM io.appium.java_client.remote.AppiumCommandExecutor$1 lambda$0
INFO: Detected dialect: W3C
org.openqa.selenium.NoSuchElementException: An element could not be located on the page using the given search parameters.
For documentation on this error, please visit: https://www.seleniumhq.org/exceptions/no_such_element.html
Build info: version: '3.141.59', revision: 'e82be7d358', time: '2018-11-14T08:17:03'
System info: host: 'OF0607X1S7930', ip: '192.168.1.53', os.name: 'Windows 10', os.arch: 'amd64', os.version: '10.0', java.version: '1.8.0_291'
Driver info: io.appium.java_client.android.AndroidDriver
Capabilities {app: C:\Users\kon7468\LatestBran..., appPackage: com.vodqareactnative, appWaitActivity: com.vodqareactnative.MainAc..., appWaitPackage: com.vodqareactnative, automationName: uiautomator2, avd: Pixel3, avdReadyTimeout: 120, databaseEnabled: false, desired: {app: C:\Users\kon7468\LatestBran..., appWaitActivity: com.vodqareactnative.MainAc..., appWaitPackage: com.vodqareactnative, automationName: uiautomator2, avd: Pixel3, avdReadyTimeout: 120, deviceName: Pixel3, deviceReadyTimeout: 120, newCommandTimeout: 60000, platformName: android, platformVersion: 9.0, udid: Pixel3}, deviceApiLevel: 28, deviceManufacturer: Google, deviceModel: AOSP on IA Emulator, deviceName: emulator-5554, deviceReadyTimeout: 120, deviceScreenDensity: 440, deviceScreenSize: 1080x2160, deviceUDID: emulator-5554, javascriptEnabled: true, locationContextEnabled: false, networkConnectionEnabled: true, newCommandTimeout: 60000, pixelRatio: 2.75, platform: LINUX, platformName: Android, platformVersion: 9, statBarHeight: 66, takesScreenshot: true, udid: Pixel3, viewportRect: {height: 1962, left: 0, top: 66, width: 1080}, warnings: {}, webStorageEnabled: false}
Session ID: dd8c7f1f-5ed0-4c92-80c5-30d7dd96b8fe
*** Element info: {Using=xpath, value=//android.widget.TextView[@content-desc="carousel"]}
	at sun.reflect.NativeConstructorAccessorImpl.newInstance0(Native Method)
	at sun.reflect.NativeConstructorAccessorImpl.newInstance(NativeConstructorAccessorImpl.java:62)
	at sun.reflect.DelegatingConstructorAccessorImpl.newInstance(DelegatingConstructorAccessorImpl.java:45)
	at java.lang.reflect.Constructor.newInstance(Constructor.java:423)
	at org.openqa.selenium.remote.http.W3CHttpResponseCodec.createException(W3CHttpResponseCodec.java:187)
	at org.openqa.selenium.remote.http.W3CHttpResponseCodec.decode(W3CHttpResponseCodec.java:122)
	at org.openqa.selenium.remote.http.W3CHttpResponseCodec.decode(W3CHttpResponseCodec.java:49)
	at org.openqa.selenium.remote.HttpCommandExecutor.execute(HttpCommandExecutor.java:158)
	at io.appium.java_client.remote.AppiumCommandExecutor.execute(AppiumCommandExecutor.java:231)
	at org.openqa.selenium.remote.RemoteWebDriver.execute(RemoteWebDriver.java:552)
	at io.appium.java_client.DefaultGenericMobileDriver.execute(DefaultGenericMobileDriver.java:42)
	at io.appium.java_client.AppiumDriver.execute(AppiumDriver.java:1)
	at io.appium.java_client.android.AndroidDriver.execute(AndroidDriver.java:1)
	at org.openqa.selenium.remote.RemoteWebDriver.findElement(RemoteWebDriver.java:323)
	at io.appium.java_client.DefaultGenericMobileDriver.findElement(DefaultGenericMobileDriver.java:62)
	at io.appium.java_client.AppiumDriver.findElement(AppiumDriver.java:1)
	at io.appium.java_client.android.AndroidDriver.findElement(AndroidDriver.java:1)
	at org.openqa.selenium.remote.RemoteWebDriver.findElementByXPath(RemoteWebDriver.java:428)
	at io.appium.java_client.DefaultGenericMobileDriver.findElementByXPath(DefaultGenericMobileDriver.java:152)
	at io.appium.java_client.AppiumDriver.findElementByXPath(AppiumDriver.java:1)
	at io.appium.java_client.android.AndroidDriver.findElementByXPath(AndroidDriver.java:1)
	at org.openqa.selenium.By$ByXPath.findElement(By.java:353)
	at org.openqa.selenium.remote.RemoteWebDriver.findElement(RemoteWebDriver.java:315)
	at io.appium.java_client.DefaultGenericMobileDriver.findElement(DefaultGenericMobileDriver.java:58)
	at io.appium.java_client.AppiumDriver.findElement(AppiumDriver.java:1)
	at io.appium.java_client.android.AndroidDriver.findElement(AndroidDriver.java:1)
	at com.krogerqa.seleniumcentral.framework.main.mobileactions.mobileutils.MobileUtils.createMobileElement(MobileUtils.java:20)
	at com.krogerqa.seleniumcentral.framework.main.mobileactions.touchactionsutils.TouchActionsUtils.tap(TouchActionsUtils.java:31)
	at com.krogerqa.seleniumcentral.framework.main.MobileCommands.tap(MobileCommands.java:220)
	at com.kroger.mobile.ui.pages.QAPage.carousel(QAPage.java:44)
	at com.kroger.mobile.cases.TestQA_App.tc_Test(TestQA_App.java:23)
	at sun.reflect.NativeMethodAccessorImpl.invoke0(Native Method)
	at sun.reflect.NativeMethodAccessorImpl.invoke(NativeMethodAccessorImpl.java:62)
	at sun.reflect.DelegatingMethodAccessorImpl.invoke(DelegatingMethodAccessorImpl.java:43)
	at java.lang.reflect.Method.invoke(Method.java:498)
	at org.testng.internal.MethodInvocationHelper.invokeMethod(MethodInvocationHelper.java:133)
	at org.testng.internal.TestInvoker.invokeMethod(TestInvoker.java:584)
	at org.testng.internal.TestInvoker.invokeTestMethod(TestInvoker.java:172)
	at org.testng.internal.MethodRunner.runInSequence(MethodRunner.java:46)
	at org.testng.internal.TestInvoker$MethodInvocationAgent.invoke(TestInvoker.java:804)
	at org.testng.internal.TestInvoker.invokeTestMethods(TestInvoker.java:145)
	at org.testng.internal.TestMethodWorker.invokeTestMethods(TestMethodWorker.java:146)
	at org.testng.internal.TestMethodWorker.run(TestMethodWorker.java:128)
	at java.util.ArrayList.forEach(ArrayList.java:1259)
	at org.testng.TestRunner.privateRun(TestRunner.java:770)
	at org.testng.TestRunner.run(TestRunner.java:591)
	at org.testng.SuiteRunner.runTest(SuiteRunner.java:402)
	at org.testng.SuiteRunner.runSequentially(SuiteRunner.java:396)
	at org.testng.SuiteRunner.privateRun(SuiteRunner.java:355)
	at org.testng.SuiteRunner.run(SuiteRunner.java:304)
	at org.testng.SuiteRunnerWorker.runSuite(SuiteRunnerWorker.java:53)
	at org.testng.SuiteRunnerWorker.run(SuiteRunnerWorker.java:96)
	at org.testng.TestNG.runSuitesSequentially(TestNG.java:1180)
	at org.testng.TestNG.runSuitesLocally(TestNG.java:1102)
	at org.testng.TestNG.runSuites(TestNG.java:1032)
	at org.testng.TestNG.run(TestNG.java:1000)
	at org.apache.maven.surefire.testng.TestNGExecutor.run(TestNGExecutor.java:283)
	at org.apache.maven.surefire.testng.TestNGXmlTestSuite.execute(TestNGXmlTestSuite.java:75)
	at org.apache.maven.surefire.testng.TestNGProvider.invoke(TestNGProvider.java:120)
	at org.apache.maven.surefire.booter.ForkedBooter.invokeProviderInSameClassLoader(ForkedBooter.java:384)
	at org.apache.maven.surefire.booter.ForkedBooter.runSuitesInProcess(ForkedBooter.java:345)
	at org.apache.maven.surefire.booter.ForkedBooter.execute(ForkedBooter.java:126)
	at org.apache.maven.surefire.booter.ForkedBooter.main(ForkedBooter.java:418)
]]></system-err>
  </testcase>
</testsuite>