<?xml version="1.0" encoding="UTF-8"?>
<testsuite xmlns:xsi="http://www.w3.org/2001/XMLSchema-instance" xsi:noNamespaceSchemaLocation="https://maven.apache.org/surefire/maven-surefire-plugin/xsd/surefire-test-report-3.0.xsd" version="3.0" name="TestSuite" time="57.816" tests="1" errors="0" skipped="0" failures="0">
  <properties>
    <property name="awt.toolkit" value="sun.lwawt.macosx.LWCToolkit"/>
    <property name="http.proxyHost" value="cdcproxy.kroger.com"/>
    <property name="java.specification.version" value="12"/>
    <property name="sun.jnu.encoding" value="UTF-8"/>
    <property name="java.class.path" value="/Users/kon1828/mobile_example/target/test-classes:/Users/kon1828/mobile_example/target/classes:/Users/kon1828/.m2/repository/com/krogerqa/selenium/selenium-central-framework/2.0.28/selenium-central-framework-2.0.28.jar:/Users/kon1828/.m2/repository/org/springframework/spring-test/5.0.8.RELEASE/spring-test-5.0.8.RELEASE.jar:/Users/kon1828/.m2/repository/org/springframework/spring-core/5.0.8.RELEASE/spring-core-5.0.8.RELEASE.jar:/Users/kon1828/.m2/repository/org/springframework/spring-jcl/5.0.8.RELEASE/spring-jcl-5.0.8.RELEASE.jar:/Users/kon1828/.m2/repository/org/springframework/spring-context/5.0.8.RELEASE/spring-context-5.0.8.RELEASE.jar:/Users/kon1828/.m2/repository/org/springframework/spring-aop/5.0.8.RELEASE/spring-aop-5.0.8.RELEASE.jar:/Users/kon1828/.m2/repository/org/springframework/spring-beans/5.0.8.RELEASE/spring-beans-5.0.8.RELEASE.jar:/Users/kon1828/.m2/repository/org/springframework/spring-expression/5.0.8.RELEASE/spring-expression-5.0.8.RELEASE.jar:/Users/kon1828/.m2/repository/org/springframework/spring-jdbc/5.0.8.RELEASE/spring-jdbc-5.0.8.RELEASE.jar:/Users/kon1828/.m2/repository/org/springframework/spring-tx/5.0.8.RELEASE/spring-tx-5.0.8.RELEASE.jar:/Users/kon1828/.m2/repository/com/github/2gis/winium/winium-webdriver/0.1.0-1/winium-webdriver-0.1.0-1.jar:/Users/kon1828/.m2/repository/com/github/2gis/winium/winium-elements-desktop/0.2.0-1/winium-elements-desktop-0.2.0-1.jar:/Users/kon1828/.m2/repository/ch/qos/logback/logback-classic/1.2.3/logback-classic-1.2.3.jar:/Users/kon1828/.m2/repository/ch/qos/logback/logback-core/1.2.3/logback-core-1.2.3.jar:/Users/kon1828/.m2/repository/org/jvnet/com4j/maven-com4j-plugin/2.1/maven-com4j-plugin-2.1.jar:/Users/kon1828/.m2/repository/org/apache/maven/maven-plugin-api/2.0/maven-plugin-api-2.0.jar:/Users/kon1828/.m2/repository/org/apache/maven/maven-project/2.0.1/maven-project-2.0.1.jar:/Users/kon1828/.m2/repository/org/apache/maven/maven-profile/2.0.1/maven-profile-2.0.1.jar:/Users/kon1828/.m2/repository/org/apache/maven/maven-model/2.0.1/maven-model-2.0.1.jar:/Users/kon1828/.m2/repository/org/apache/maven/maven-artifact-manager/2.0.1/maven-artifact-manager-2.0.1.jar:/Users/kon1828/.m2/repository/org/apache/maven/maven-repository-metadata/2.0.1/maven-repository-metadata-2.0.1.jar:/Users/kon1828/.m2/repository/org/apache/maven/wagon/wagon-provider-api/1.0-alpha-5/wagon-provider-api-1.0-alpha-5.jar:/Users/kon1828/.m2/repository/org/codehaus/plexus/plexus-utils/1.0.5/plexus-utils-1.0.5.jar:/Users/kon1828/.m2/repository/classworlds/classworlds/1.1-alpha-2/classworlds-1.1-alpha-2.jar:/Users/kon1828/.m2/repository/org/apache/maven/maven-artifact/2.0.1/maven-artifact-2.0.1.jar:/Users/kon1828/.m2/repository/org/codehaus/plexus/plexus-container-default/1.0-alpha-9/plexus-container-default-1.0-alpha-9.jar:/Users/kon1828/.m2/repository/org/jvnet/com4j/tlbimp/2.1/tlbimp-2.1.jar:/Users/kon1828/.m2/repository/org/jvnet/com4j/com4j/2.1/com4j-2.1.jar:/Users/kon1828/.m2/repository/args4j/args4j/2.0.8/args4j-2.0.8.jar:/Users/kon1828/.m2/repository/org/seleniumhq/selenium/selenium-server/3.141.59/selenium-server-3.141.59.jar:/Users/kon1828/.m2/repository/org/seleniumhq/selenium/selenium-api/3.141.59/selenium-api-3.141.59.jar:/Users/kon1828/.m2/repository/org/seleniumhq/selenium/selenium-chrome-driver/3.141.59/selenium-chrome-driver-3.141.59.jar:/Users/kon1828/.m2/repository/org/seleniumhq/selenium/selenium-edge-driver/3.141.59/selenium-edge-driver-3.141.59.jar:/Users/kon1828/.m2/repository/org/seleniumhq/selenium/selenium-firefox-driver/3.141.59/selenium-firefox-driver-3.141.59.jar:/Users/kon1828/.m2/repository/org/seleniumhq/selenium/selenium-ie-driver/3.141.59/selenium-ie-driver-3.141.59.jar:/Users/kon1828/.m2/repository/org/seleniumhq/selenium/selenium-opera-driver/3.141.59/selenium-opera-driver-3.141.59.jar:/Users/kon1828/.m2/repository/org/seleniumhq/selenium/selenium-remote-driver/3.141.59/selenium-remote-driver-3.141.59.jar:/Users/kon1828/.m2/repository/org/seleniumhq/selenium/selenium-safari-driver/3.141.59/selenium-safari-driver-3.141.59.jar:/Users/kon1828/.m2/repository/org/seleniumhq/selenium/selenium-support/3.141.59/selenium-support-3.141.59.jar:/Users/kon1828/.m2/repository/com/beust/jcommander/1.72/jcommander-1.72.jar:/Users/kon1828/.m2/repository/net/bytebuddy/byte-buddy/1.8.15/byte-buddy-1.8.15.jar:/Users/kon1828/.m2/repository/org/apache/commons/commons-exec/1.3/commons-exec-1.3.jar:/Users/kon1828/.m2/repository/com/google/guava/guava/25.0-jre/guava-25.0-jre.jar:/Users/kon1828/.m2/repository/com/google/code/findbugs/jsr305/1.3.9/jsr305-1.3.9.jar:/Users/kon1828/.m2/repository/org/checkerframework/checker-compat-qual/2.0.0/checker-compat-qual-2.0.0.jar:/Users/kon1828/.m2/repository/com/google/errorprone/error_prone_annotations/2.1.3/error_prone_annotations-2.1.3.jar:/Users/kon1828/.m2/repository/com/google/j2objc/j2objc-annotations/1.1/j2objc-annotations-1.1.jar:/Users/kon1828/.m2/repository/org/codehaus/mojo/animal-sniffer-annotations/1.14/animal-sniffer-annotations-1.14.jar:/Users/kon1828/.m2/repository/net/jcip/jcip-annotations/1.0/jcip-annotations-1.0.jar:/Users/kon1828/.m2/repository/org/seleniumhq/selenium/jetty-repacked/9.4.12.v20180830/jetty-repacked-9.4.12.v20180830.jar:/Users/kon1828/.m2/repository/com/squareup/okhttp3/okhttp/3.11.0/okhttp-3.11.0.jar:/Users/kon1828/.m2/repository/com/squareup/okio/okio/1.14.0/okio-1.14.0.jar:/Users/kon1828/.m2/repository/javax/servlet/javax.servlet-api/3.1.0/javax.servlet-api-3.1.0.jar:/Users/kon1828/.m2/repository/org/yaml/snakeyaml/1.19/snakeyaml-1.19.jar:/Users/kon1828/.m2/repository/org/seleniumhq/selenium/selenium-java/3.141.59/selenium-java-3.141.59.jar:/Users/kon1828/.m2/repository/io/slifer/webdriver-sizzle-injector/3.141.59-R1-K1/webdriver-sizzle-injector-3.141.59-R1-K1.jar:/Users/kon1828/.m2/repository/org/webjars/sizzle/2.3.4/sizzle-2.3.4.jar:/Users/kon1828/.m2/repository/org/testng/testng/6.13.1/testng-6.13.1.jar:/Users/kon1828/.m2/repository/org/uncommons/reportng/1.1.4/reportng-1.1.4.jar:/Users/kon1828/.m2/repository/velocity/velocity/1.4/velocity-1.4.jar:/Users/kon1828/.m2/repository/velocity/velocity-dep/1.4/velocity-dep-1.4.jar:/Users/kon1828/.m2/repository/com/google/inject/guice/4.1.0/guice-4.1.0.jar:/Users/kon1828/.m2/repository/javax/inject/javax.inject/1/javax.inject-1.jar:/Users/kon1828/.m2/repository/aopalliance/aopalliance/1.0/aopalliance-1.0.jar:/Users/kon1828/.m2/repository/io/appium/java-client/6.1.0/java-client-6.1.0.jar:/Users/kon1828/.m2/repository/com/google/code/gson/gson/2.8.4/gson-2.8.4.jar:/Users/kon1828/.m2/repository/org/apache/httpcomponents/httpclient/4.5.5/httpclient-4.5.5.jar:/Users/kon1828/.m2/repository/org/apache/httpcomponents/httpcore/4.4.9/httpcore-4.4.9.jar:/Users/kon1828/.m2/repository/commons-logging/commons-logging/1.2/commons-logging-1.2.jar:/Users/kon1828/.m2/repository/commons-codec/commons-codec/1.10/commons-codec-1.10.jar:/Users/kon1828/.m2/repository/cglib/cglib/3.2.6/cglib-3.2.6.jar:/Users/kon1828/.m2/repository/org/ow2/asm/asm/6.0/asm-6.0.jar:/Users/kon1828/.m2/repository/org/apache/ant/ant/1.9.6/ant-1.9.6.jar:/Users/kon1828/.m2/repository/org/apache/ant/ant-launcher/1.9.6/ant-launcher-1.9.6.jar:/Users/kon1828/.m2/repository/commons-validator/commons-validator/1.6/commons-validator-1.6.jar:/Users/kon1828/.m2/repository/commons-beanutils/commons-beanutils/1.9.2/commons-beanutils-1.9.2.jar:/Users/kon1828/.m2/repository/commons-digester/commons-digester/1.8.1/commons-digester-1.8.1.jar:/Users/kon1828/.m2/repository/commons-collections/commons-collections/3.2.2/commons-collections-3.2.2.jar:/Users/kon1828/.m2/repository/org/apache/commons/commons-lang3/3.7/commons-lang3-3.7.jar:/Users/kon1828/.m2/repository/commons-io/commons-io/2.6/commons-io-2.6.jar:/Users/kon1828/.m2/repository/org/aspectj/aspectjweaver/1.9.1/aspectjweaver-1.9.1.jar:/Users/kon1828/.m2/repository/org/openpnp/opencv/3.2.0-1/opencv-3.2.0-1.jar:/Users/kon1828/.m2/repository/org/slf4j/slf4j-api/1.7.25/slf4j-api-1.7.25.jar:/Users/kon1828/.m2/repository/com/googlecode/json-simple/json-simple/1.1.1/json-simple-1.1.1.jar:/Users/kon1828/.m2/repository/junit/junit/4.10/junit-4.10.jar:/Users/kon1828/.m2/repository/org/hamcrest/hamcrest-core/1.1/hamcrest-core-1.1.jar:/Users/kon1828/.m2/repository/org/json/json/20171018/json-20171018.jar:/Users/kon1828/.m2/repository/org/apache/logging/log4j/log4j-core/2.10.0/log4j-core-2.10.0.jar:/Users/kon1828/.m2/repository/org/apache/logging/log4j/log4j-api/2.10.0/log4j-api-2.10.0.jar:/Users/kon1828/.m2/repository/marathon-java-agent/marathon-java-agent/5.1.5.0/marathon-java-agent-5.1.5.0.jar:/Users/kon1828/.m2/repository/marathon-java-driver/marathon-java-driver/5.1.5.0/marathon-java-driver-5.1.5.0.jar:"/>
    <property name="https.proxyPort" value="3128"/>
    <property name="java.vm.vendor" value="Oracle Corporation"/>
    <property name="sun.arch.data.model" value="64"/>
    <property name="java.vendor.url" value="https://java.oracle.com/"/>
    <property name="os.name" value="Mac OS X"/>
    <property name="java.vm.specification.version" value="12"/>
    <property name="sun.java.launcher" value="SUN_STANDARD"/>
    <property name="user.country" value="US"/>
    <property name="sun.boot.library.path" value="/Library/Java/JavaVirtualMachines/openjdk-12.0.1.jdk/Contents/Home/lib"/>
    <property name="sun.java.command" value="/Users/kon1828/mobile_example/target/surefire/surefirebooter13835294698073397312.jar /Users/kon1828/mobile_example/target/surefire 2019-10-28T17-00-45_704-jvmRun1 surefire2312477731529902266tmp surefire_09557330925160520086tmp"/>
    <property name="http.nonProxyHosts" value="local|*.local|169.254/16|*.169.254/16"/>
    <property name="jdk.debug" value="release"/>
    <property name="surefire.test.class.path" value="/Users/kon1828/mobile_example/target/test-classes:/Users/kon1828/mobile_example/target/classes:/Users/kon1828/.m2/repository/com/krogerqa/selenium/selenium-central-framework/2.0.28/selenium-central-framework-2.0.28.jar:/Users/kon1828/.m2/repository/org/springframework/spring-test/5.0.8.RELEASE/spring-test-5.0.8.RELEASE.jar:/Users/kon1828/.m2/repository/org/springframework/spring-core/5.0.8.RELEASE/spring-core-5.0.8.RELEASE.jar:/Users/kon1828/.m2/repository/org/springframework/spring-jcl/5.0.8.RELEASE/spring-jcl-5.0.8.RELEASE.jar:/Users/kon1828/.m2/repository/org/springframework/spring-context/5.0.8.RELEASE/spring-context-5.0.8.RELEASE.jar:/Users/kon1828/.m2/repository/org/springframework/spring-aop/5.0.8.RELEASE/spring-aop-5.0.8.RELEASE.jar:/Users/kon1828/.m2/repository/org/springframework/spring-beans/5.0.8.RELEASE/spring-beans-5.0.8.RELEASE.jar:/Users/kon1828/.m2/repository/org/springframework/spring-expression/5.0.8.RELEASE/spring-expression-5.0.8.RELEASE.jar:/Users/kon1828/.m2/repository/org/springframework/spring-jdbc/5.0.8.RELEASE/spring-jdbc-5.0.8.RELEASE.jar:/Users/kon1828/.m2/repository/org/springframework/spring-tx/5.0.8.RELEASE/spring-tx-5.0.8.RELEASE.jar:/Users/kon1828/.m2/repository/com/github/2gis/winium/winium-webdriver/0.1.0-1/winium-webdriver-0.1.0-1.jar:/Users/kon1828/.m2/repository/com/github/2gis/winium/winium-elements-desktop/0.2.0-1/winium-elements-desktop-0.2.0-1.jar:/Users/kon1828/.m2/repository/ch/qos/logback/logback-classic/1.2.3/logback-classic-1.2.3.jar:/Users/kon1828/.m2/repository/ch/qos/logback/logback-core/1.2.3/logback-core-1.2.3.jar:/Users/kon1828/.m2/repository/org/jvnet/com4j/maven-com4j-plugin/2.1/maven-com4j-plugin-2.1.jar:/Users/kon1828/.m2/repository/org/apache/maven/maven-plugin-api/2.0/maven-plugin-api-2.0.jar:/Users/kon1828/.m2/repository/org/apache/maven/maven-project/2.0.1/maven-project-2.0.1.jar:/Users/kon1828/.m2/repository/org/apache/maven/maven-profile/2.0.1/maven-profile-2.0.1.jar:/Users/kon1828/.m2/repository/org/apache/maven/maven-model/2.0.1/maven-model-2.0.1.jar:/Users/kon1828/.m2/repository/org/apache/maven/maven-artifact-manager/2.0.1/maven-artifact-manager-2.0.1.jar:/Users/kon1828/.m2/repository/org/apache/maven/maven-repository-metadata/2.0.1/maven-repository-metadata-2.0.1.jar:/Users/kon1828/.m2/repository/org/apache/maven/wagon/wagon-provider-api/1.0-alpha-5/wagon-provider-api-1.0-alpha-5.jar:/Users/kon1828/.m2/repository/org/codehaus/plexus/plexus-utils/1.0.5/plexus-utils-1.0.5.jar:/Users/kon1828/.m2/repository/classworlds/classworlds/1.1-alpha-2/classworlds-1.1-alpha-2.jar:/Users/kon1828/.m2/repository/org/apache/maven/maven-artifact/2.0.1/maven-artifact-2.0.1.jar:/Users/kon1828/.m2/repository/org/codehaus/plexus/plexus-container-default/1.0-alpha-9/plexus-container-default-1.0-alpha-9.jar:/Users/kon1828/.m2/repository/org/jvnet/com4j/tlbimp/2.1/tlbimp-2.1.jar:/Users/kon1828/.m2/repository/org/jvnet/com4j/com4j/2.1/com4j-2.1.jar:/Users/kon1828/.m2/repository/args4j/args4j/2.0.8/args4j-2.0.8.jar:/Users/kon1828/.m2/repository/org/seleniumhq/selenium/selenium-server/3.141.59/selenium-server-3.141.59.jar:/Users/kon1828/.m2/repository/org/seleniumhq/selenium/selenium-api/3.141.59/selenium-api-3.141.59.jar:/Users/kon1828/.m2/repository/org/seleniumhq/selenium/selenium-chrome-driver/3.141.59/selenium-chrome-driver-3.141.59.jar:/Users/kon1828/.m2/repository/org/seleniumhq/selenium/selenium-edge-driver/3.141.59/selenium-edge-driver-3.141.59.jar:/Users/kon1828/.m2/repository/org/seleniumhq/selenium/selenium-firefox-driver/3.141.59/selenium-firefox-driver-3.141.59.jar:/Users/kon1828/.m2/repository/org/seleniumhq/selenium/selenium-ie-driver/3.141.59/selenium-ie-driver-3.141.59.jar:/Users/kon1828/.m2/repository/org/seleniumhq/selenium/selenium-opera-driver/3.141.59/selenium-opera-driver-3.141.59.jar:/Users/kon1828/.m2/repository/org/seleniumhq/selenium/selenium-remote-driver/3.141.59/selenium-remote-driver-3.141.59.jar:/Users/kon1828/.m2/repository/org/seleniumhq/selenium/selenium-safari-driver/3.141.59/selenium-safari-driver-3.141.59.jar:/Users/kon1828/.m2/repository/org/seleniumhq/selenium/selenium-support/3.141.59/selenium-support-3.141.59.jar:/Users/kon1828/.m2/repository/com/beust/jcommander/1.72/jcommander-1.72.jar:/Users/kon1828/.m2/repository/net/bytebuddy/byte-buddy/1.8.15/byte-buddy-1.8.15.jar:/Users/kon1828/.m2/repository/org/apache/commons/commons-exec/1.3/commons-exec-1.3.jar:/Users/kon1828/.m2/repository/com/google/guava/guava/25.0-jre/guava-25.0-jre.jar:/Users/kon1828/.m2/repository/com/google/code/findbugs/jsr305/1.3.9/jsr305-1.3.9.jar:/Users/kon1828/.m2/repository/org/checkerframework/checker-compat-qual/2.0.0/checker-compat-qual-2.0.0.jar:/Users/kon1828/.m2/repository/com/google/errorprone/error_prone_annotations/2.1.3/error_prone_annotations-2.1.3.jar:/Users/kon1828/.m2/repository/com/google/j2objc/j2objc-annotations/1.1/j2objc-annotations-1.1.jar:/Users/kon1828/.m2/repository/org/codehaus/mojo/animal-sniffer-annotations/1.14/animal-sniffer-annotations-1.14.jar:/Users/kon1828/.m2/repository/net/jcip/jcip-annotations/1.0/jcip-annotations-1.0.jar:/Users/kon1828/.m2/repository/org/seleniumhq/selenium/jetty-repacked/9.4.12.v20180830/jetty-repacked-9.4.12.v20180830.jar:/Users/kon1828/.m2/repository/com/squareup/okhttp3/okhttp/3.11.0/okhttp-3.11.0.jar:/Users/kon1828/.m2/repository/com/squareup/okio/okio/1.14.0/okio-1.14.0.jar:/Users/kon1828/.m2/repository/javax/servlet/javax.servlet-api/3.1.0/javax.servlet-api-3.1.0.jar:/Users/kon1828/.m2/repository/org/yaml/snakeyaml/1.19/snakeyaml-1.19.jar:/Users/kon1828/.m2/repository/org/seleniumhq/selenium/selenium-java/3.141.59/selenium-java-3.141.59.jar:/Users/kon1828/.m2/repository/io/slifer/webdriver-sizzle-injector/3.141.59-R1-K1/webdriver-sizzle-injector-3.141.59-R1-K1.jar:/Users/kon1828/.m2/repository/org/webjars/sizzle/2.3.4/sizzle-2.3.4.jar:/Users/kon1828/.m2/repository/org/testng/testng/6.13.1/testng-6.13.1.jar:/Users/kon1828/.m2/repository/org/uncommons/reportng/1.1.4/reportng-1.1.4.jar:/Users/kon1828/.m2/repository/velocity/velocity/1.4/velocity-1.4.jar:/Users/kon1828/.m2/repository/velocity/velocity-dep/1.4/velocity-dep-1.4.jar:/Users/kon1828/.m2/repository/com/google/inject/guice/4.1.0/guice-4.1.0.jar:/Users/kon1828/.m2/repository/javax/inject/javax.inject/1/javax.inject-1.jar:/Users/kon1828/.m2/repository/aopalliance/aopalliance/1.0/aopalliance-1.0.jar:/Users/kon1828/.m2/repository/io/appium/java-client/6.1.0/java-client-6.1.0.jar:/Users/kon1828/.m2/repository/com/google/code/gson/gson/2.8.4/gson-2.8.4.jar:/Users/kon1828/.m2/repository/org/apache/httpcomponents/httpclient/4.5.5/httpclient-4.5.5.jar:/Users/kon1828/.m2/repository/org/apache/httpcomponents/httpcore/4.4.9/httpcore-4.4.9.jar:/Users/kon1828/.m2/repository/commons-logging/commons-logging/1.2/commons-logging-1.2.jar:/Users/kon1828/.m2/repository/commons-codec/commons-codec/1.10/commons-codec-1.10.jar:/Users/kon1828/.m2/repository/cglib/cglib/3.2.6/cglib-3.2.6.jar:/Users/kon1828/.m2/repository/org/ow2/asm/asm/6.0/asm-6.0.jar:/Users/kon1828/.m2/repository/org/apache/ant/ant/1.9.6/ant-1.9.6.jar:/Users/kon1828/.m2/repository/org/apache/ant/ant-launcher/1.9.6/ant-launcher-1.9.6.jar:/Users/kon1828/.m2/repository/commons-validator/commons-validator/1.6/commons-validator-1.6.jar:/Users/kon1828/.m2/repository/commons-beanutils/commons-beanutils/1.9.2/commons-beanutils-1.9.2.jar:/Users/kon1828/.m2/repository/commons-digester/commons-digester/1.8.1/commons-digester-1.8.1.jar:/Users/kon1828/.m2/repository/commons-collections/commons-collections/3.2.2/commons-collections-3.2.2.jar:/Users/kon1828/.m2/repository/org/apache/commons/commons-lang3/3.7/commons-lang3-3.7.jar:/Users/kon1828/.m2/repository/commons-io/commons-io/2.6/commons-io-2.6.jar:/Users/kon1828/.m2/repository/org/aspectj/aspectjweaver/1.9.1/aspectjweaver-1.9.1.jar:/Users/kon1828/.m2/repository/org/openpnp/opencv/3.2.0-1/opencv-3.2.0-1.jar:/Users/kon1828/.m2/repository/org/slf4j/slf4j-api/1.7.25/slf4j-api-1.7.25.jar:/Users/kon1828/.m2/repository/com/googlecode/json-simple/json-simple/1.1.1/json-simple-1.1.1.jar:/Users/kon1828/.m2/repository/junit/junit/4.10/junit-4.10.jar:/Users/kon1828/.m2/repository/org/hamcrest/hamcrest-core/1.1/hamcrest-core-1.1.jar:/Users/kon1828/.m2/repository/org/json/json/20171018/json-20171018.jar:/Users/kon1828/.m2/repository/org/apache/logging/log4j/log4j-core/2.10.0/log4j-core-2.10.0.jar:/Users/kon1828/.m2/repository/org/apache/logging/log4j/log4j-api/2.10.0/log4j-api-2.10.0.jar:/Users/kon1828/.m2/repository/marathon-java-agent/marathon-java-agent/5.1.5.0/marathon-java-agent-5.1.5.0.jar:/Users/kon1828/.m2/repository/marathon-java-driver/marathon-java-driver/5.1.5.0/marathon-java-driver-5.1.5.0.jar:"/>
    <property name="sun.cpu.endian" value="little"/>
    <property name="user.home" value="/Users/kon1828"/>
    <property name="user.language" value="en"/>
    <property name="java.specification.vendor" value="Oracle Corporation"/>
    <property name="java.version.date" value="2019-04-16"/>
    <property name="java.home" value="/Library/Java/JavaVirtualMachines/openjdk-12.0.1.jdk/Contents/Home"/>
    <property name="file.separator" value="/"/>
    <property name="https.proxyHost" value="cdcproxy.kroger.com"/>
    <property name="basedir" value="/Users/kon1828/mobile_example"/>
    <property name="java.vm.compressedOopsMode" value="Zero based"/>
    <property name="line.separator" value="&#10;"/>
    <property name="java.vm.specification.vendor" value="Oracle Corporation"/>
    <property name="java.specification.name" value="Java Platform API Specification"/>
    <property name="java.awt.graphicsenv" value="sun.awt.CGraphicsEnvironment"/>
    <property name="surefire.real.class.path" value="/Users/kon1828/mobile_example/target/surefire/surefirebooter13835294698073397312.jar"/>
    <property name="sun.management.compiler" value="HotSpot 64-Bit Tiered Compilers"/>
    <property name="ftp.nonProxyHosts" value="local|*.local|169.254/16|*.169.254/16"/>
    <property name="java.runtime.version" value="12.0.1+12"/>
    <property name="user.name" value="kon1828"/>
    <property name="path.separator" value=":"/>
    <property name="os.version" value="10.14.3"/>
    <property name="java.runtime.name" value="OpenJDK Runtime Environment"/>
    <property name="file.encoding" value="UTF-8"/>
    <property name="java.vm.name" value="OpenJDK 64-Bit Server VM"/>
    <property name="localRepository" value="/Users/kon1828/.m2/repository"/>
    <property name="java.vendor.url.bug" value="https://bugreport.java.com/bugreport/"/>
    <property name="java.io.tmpdir" value="/var/folders/hn/b2cfc28n5c380cjd805bbxzxz_ywx3/T/"/>
    <property name="java.version" value="12.0.1"/>
    <property name="user.dir" value="/Users/kon1828/mobile_example"/>
    <property name="os.arch" value="x86_64"/>
    <property name="java.vm.specification.name" value="Java Virtual Machine Specification"/>
    <property name="java.library.path" value="/Users/kon1828/Library/Java/Extensions:/Library/Java/Extensions:/Network/Library/Java/Extensions:/System/Library/Java/Extensions:/usr/lib/java:."/>
    <property name="java.vm.info" value="mixed mode, sharing"/>
    <property name="java.vendor" value="Oracle Corporation"/>
    <property name="java.vm.version" value="12.0.1+12"/>
    <property name="sun.io.unicode.encoding" value="UnicodeBig"/>
    <property name="socksNonProxyHosts" value="local|*.local|169.254/16|*.169.254/16"/>
    <property name="java.class.version" value="56.0"/>
    <property name="http.proxyPort" value="3128"/>
  </properties>
  <testcase name="tc_Test" classname="com.kroger.mobile.cases.TestQA_App" time="18.341"/>
</testsuite>