<?xml version="1.0" encoding="UTF-8"?>
<!-- Generated by org.testng.reporters.JUnitReportReporter -->
<testsuite hostname="OF060VM0T7HV2RL" failures="0" tests="1" name="com.kroger.mobile.cases.TestQA_App" time="56.262" errors="0" timestamp="28 Oct 2019 21:01:44 GMT" skipped="0">
  <testcase classname="com.kroger.mobile.cases.TestQA_App" name="tc_Test" time="56.262"/>
</testsuite> <!-- com.kroger.mobile.cases.TestQA_App -->
